Author: oak <omerahmed122@gmail.com>
Date:   Fri Nov 1 02:17:08 2019 +0200

    Add client 2

commit ddfa5f725f0f2fa77d47fbe2bc9a7c3679f14afb
Author: oak <omerahmed122@gmail.com>
Date:   Fri Nov 1 02:12:06 2019 +0200

    Reporting Done

commit 0d7f3ae4dd78c6d37bf2452124ef201952d828b5
Author: oak <omerahmed122@gmail.com>
Date:   Thu Oct 31 22:27:42 2019 +0200

    Report
    - Deployment Done
    - Readme Done
    - Design in process

commit 20fc7c28208d15bf5b7fac11438e340404f5b84d
Author: oak <omerahmed122@gmail.com>
Date:   Thu Oct 31 20:54:30 2019 +0200

    Initial reporting

commit 695e14afdaeb5ef77ce9a27abd520bf2a7b45e1b
Author: oak <omerahmed122@gmail.com>
Date:   Wed Oct 30 22:30:51 2019 +0200

    - Add Pub/Sub structure
    - Fix directory structure
    - Test Pub/Sub structure

commit 331ed3dc5c2d51da727be878e9aa6840950695fe
Author: oak <omerahmed122@gmail.com>
Date:   Tue Oct 29 22:48:33 2019 +0200

    - batching and streaming implemented
    - Add main server

commit 2964467995474e3efe4e6f043d3276204dc6b444
Author: oak <omerahmed122@gmail.com>
Date:   Tue Oct 29 19:51:14 2019 +0200

    Initial work
